<?xml version="1.0" encoding="UTF-8"?>
<testsuite xmlns:xsi="http://www.w3.org/2001/XMLSchema-instance" xsi:noNamespaceSchemaLocation="https://maven.apache.org/surefire/maven-surefire-plugin/xsd/surefire-test-report.xsd" name="com.ibm.cloud_garage.logging.inbound.ClientHttpResponseWrapperTest" time="0.178" tests="7" errors="0" skipped="0" failures="0">
  <properties>
[...]
</properties>
  <testcase name="thenReturnHttpHeadersPopulatedWithHeaders" classname="com.ibm.cloud_garage.logging.inbound.ClientHttpResponseWrapperTest$GivenGetHeaders$WhenHeaderNamesHasValues" time="0.159"/>
  <testcase name="thenReturnEmptyHttpHeaders" classname="com.ibm.cloud_garage.logging.inbound.ClientHttpResponseWrapperTest$GivenGetHeaders$WhenHeaderNamesEmpty" time="0.001"/>
  <testcase name="thenReturnByteArrayOutputStream" classname="com.ibm.cloud_garage.logging.inbound.ClientHttpResponseWrapperTest$GivenGetBody$WhenCalled" time="0.002"/>
  <testcase name="thenThrowUnsupportedOperationException" classname="com.ibm.cloud_garage.logging.inbound.ClientHttpResponseWrapperTest$GivenClose$WhenCalled" time="0.004"/>
  <testcase name="thenReturnGetStatusCodeGetReasonPhrase" classname="com.ibm.cloud_garage.logging.inbound.ClientHttpResponseWrapperTest$GivenGetStatusText$WhenCalled" time="0.002"/>
  <testcase name="thenReturnResponseGetStatus" classname="com.ibm.cloud_garage.logging.inbound.ClientHttpResponseWrapperTest$GivenGetRawStatusCode$WhenCalled" time="0.002"/>
  <testcase name="thenReturnResponseGetStatus" classname="com.ibm.cloud_garage.logging.inbound.ClientHttpResponseWrapperTest$GivenGetStatusCode$WhenCalled" time="0.001"/>
</testsuite>